	****************************
	CN-Anal Started At:	Sun Dec  4 03:08:11 2016
	****************************

*************** SYSTEM PARAMETERS ***************
CutOff Distance for Neighbor Pairs	:	3.600000
Input Atom config file			:	Au55chiral.r
Box Vector (A)				:	(16.000000, 0.000000, 0.000000)
Box Vector (B)				:	(0.000000, 16.000000, 0.000000)
Box Vector (C)				:	(0.000000, 0.000000, 16.000000)
Slots					:	(4, 4, 4)
Min/Max Pair Separation			:	(2.729616, 3.534131)
Min/Max Number of Nbors			:	(5, 13)
*****************************************************

************ # BCC, FCC, HCP, ICO Atoms *************
# Atoms In the System			:	55
*****************************************************
***************** COORDINATION DATA *****************
CoordNum 'i'	# of Atoms with CN 'i'	% Atoms With CN 'i'
------------	----------------------	-------------------
	5		1		1.8182
	6		14		25.4545
	7		10		18.1818
	8		19		34.5455
	9		1		1.8182
	11		2		3.6364
	12		4		7.2727
	13		4		7.2727
*****************************************************

************** PAIRS WITH DIFFERENT INDICES **************
Pair Index (J, K, L)	# of (J,K,L) Pairs	% of Total Pairs
--------------------	------------------	-----------------
	(2, 0, 0)		40				 9.05
	(2, 1, 1)		16				 3.62
	(3, 0, 0)		4				 0.90
	(3, 1, 1)		116				26.24
	(3, 2, 2)		104				23.53
	(4, 1, 1)		2				 0.45
	(4, 2, 1)		14				 3.17
	(4, 2, 2)		88				19.91
	(4, 3, 3)		20				 4.52
	(4, 4, 4)		2				 0.45
	(5, 4, 3)		16				 3.62
	(5, 5, 5)		18				 4.07
	(6, 6, 6)		2				 0.45
*****************************************************

	****************************
	CN-Anal Finished At:	Sun Dec  4 03:08:11 2016
	****************************

	
############################

	****************************
	CN-Anal Started At:	Mon Dec  5 13:20:14 2016
	****************************

*************** SYSTEM PARAMETERS ***************
CutOff Distance for Neighbor Pairs	:	3.600000
Input Atom config file			:	AlFcc.r
Box Vector (A)				:	(16.200199, 0.000000, 0.000000)
Box Vector (B)				:	(0.000000, 16.200199, 0.000000)
Box Vector (C)				:	(0.000000, 0.000000, 16.200199)
Slots					:	(4, 4, 4)
Min/Max Pair Separation			:	(2.863782, 2.864065)
Min/Max Number of Nbors			:	(12, 12)
*****************************************************

************ # BCC, FCC, HCP, ICO Atoms *************
# Atoms In the System			:	256
# Type-1 FCC Atoms In the Box		:	  256 (100.000  %)  @Time= 0.00000000e+00
*****************************************************
***************** COORDINATION DATA *****************
CoordNum 'i'	# of Atoms with CN 'i'	% Atoms With CN 'i'
------------	----------------------	-------------------
	FCC		256		100.0000
*****************************************************

************** PAIRS WITH DIFFERENT INDICES **************
Pair Index (J, K, L)	# of (J,K,L) Pairs	% of Total Pairs
--------------------	------------------	-----------------
	(4, 2, 1)		3072				100.00
*****************************************************

	****************************
	CN-Anal Finished At:	Mon Dec  5 13:20:14 2016
	****************************

	
############################

	****************************
	CN-Anal Started At:	Mon Dec  5 13:48:17 2016
	****************************

*************** SYSTEM PARAMETERS ***************
CutOff Distance for Neighbor Pairs	:	3.600000
Input Atom config file			:	Au55chiral.r
Box Vector (A)				:	(16.000000, 0.000000, 0.000000)
Box Vector (B)				:	(0.000000, 16.000000, 0.000000)
Box Vector (C)				:	(0.000000, 0.000000, 16.000000)
Slots					:	(4, 4, 4)
Min/Max Pair Separation			:	(2.729616, 3.534131)
Min/Max Number of Nbors			:	(5, 13)
*****************************************************

************ # BCC, FCC, HCP, ICO Atoms *************
# Atoms In the System			:	55
*****************************************************
***************** COORDINATION DATA *****************
CoordNum 'i'	# of Atoms with CN 'i'	% Atoms With CN 'i'
------------	----------------------	-------------------
	5		1		1.8182
	6		14		25.4545
	7		10		18.1818
	8		19		34.5455
	9		1		1.8182
	11		2		3.6364
	12		4		7.2727
	13		4		7.2727
*****************************************************

************** PAIRS WITH DIFFERENT INDICES **************
Pair Index (J, K, L)	# of (J,K,L) Pairs	% of Total Pairs
--------------------	------------------	-----------------
	(2, 0, 0)		40				 9.05
	(2, 1, 1)		16				 3.62
	(3, 0, 0)		4				 0.90
	(3, 1, 1)		116				26.24
	(3, 2, 2)		104				23.53
	(4, 1, 1)		2				 0.45
	(4, 2, 1)		14				 3.17
	(4, 2, 2)		88				19.91
	(4, 3, 3)		20				 4.52
	(4, 4, 4)		2				 0.45
	(5, 4, 3)		16				 3.62
	(5, 5, 5)		18				 4.07
	(6, 6, 6)		2				 0.45
*****************************************************

	****************************
	CN-Anal Finished At:	Mon Dec  5 13:48:17 2016
	****************************

	
############################

