The system is: Linux - 2.6.32-358.el6.x86_64 - x86_64
Compiling the Fortran compiler identification source file "CMakeFortranCompilerId.F" succeeded.
Compiler: /global/apps/gcc/4.8.4/bin/gfortran 
Build flags: 
Id flags: 

The output was:
0


Compilation of the Fortran compiler identification source "CMakeFortranCompilerId.F" produced "a.out"

The Fortran compiler identification is GNU, found in "/home/ksb11/GlobalOptimization/GlobalOpt/build/CMakeFiles/2.8.12.2/CompilerIdFortran/a.out"

Determining if the Fortran compiler works passed with the following output:
Change Dir: /home/ksb11/GlobalOptimization/GlobalOpt/build/CMakeFiles/CMakeTmp

Run Build Command:/usr/bin/gmake "cmTryCompileExec536858640/fast"
/usr/bin/gmake -f CMakeFiles/cmTryCompileExec536858640.dir/build.make CMakeFiles/cmTryCompileExec536858640.dir/build
gmake[1]: Entering directory `/home/ksb11/GlobalOptimization/GlobalOpt/build/CMakeFiles/CMakeTmp'
/usr/bin/cmake -E cmake_progress_report /home/ksb11/GlobalOptimization/GlobalOpt/build/CMakeFiles/CMakeTmp/CMakeFiles 1
Building Fortran object CMakeFiles/cmTryCompileExec536858640.dir/testFortranCompiler.f.o
/global/apps/gcc/4.8.4/bin/gfortran    -c /home/ksb11/GlobalOptimization/GlobalOpt/build/CMakeFiles/CMakeTmp/testFortranCompiler.f -o CMakeFiles/cmTryCompileExec536858640.dir/testFortranCompiler.f.o
Linking Fortran executable cmTryCompileExec536858640
/usr/bin/cmake -E cmake_link_script CMakeFiles/cmTryCompileExec536858640.dir/link.txt --verbose=1
/global/apps/gcc/4.8.4/bin/gfortran       CMakeFiles/cmTryCompileExec536858640.dir/testFortranCompiler.f.o  -o cmTryCompileExec536858640 -rdynamic 
gmake[1]: Leaving directory `/home/ksb11/GlobalOptimization/GlobalOpt/build/CMakeFiles/CMakeTmp'


Detecting Fortran compiler ABI info compiled with the following output:
Change Dir: /home/ksb11/GlobalOptimization/GlobalOpt/build/CMakeFiles/CMakeTmp

Run Build Command:/usr/bin/gmake "cmTryCompileExec1094563056/fast"
/usr/bin/gmake -f CMakeFiles/cmTryCompileExec1094563056.dir/build.make CMakeFiles/cmTryCompileExec1094563056.dir/build
gmake[1]: Entering directory `/home/ksb11/GlobalOptimization/GlobalOpt/build/CMakeFiles/CMakeTmp'
/usr/bin/cmake -E cmake_progress_report /home/ksb11/GlobalOptimization/GlobalOpt/build/CMakeFiles/CMakeTmp/CMakeFiles 1
Building Fortran object CMakeFiles/cmTryCompileExec1094563056.dir/CMakeFortranCompilerABI.F.o
/global/apps/gcc/4.8.4/bin/gfortran    -c /usr/share/cmake/Modules/CMakeFortranCompilerABI.F -o CMakeFiles/cmTryCompileExec1094563056.dir/CMakeFortranCompilerABI.F.o
Linking Fortran executable cmTryCompileExec1094563056
/usr/bin/cmake -E cmake_link_script CMakeFiles/cmTryCompileExec1094563056.dir/link.txt --verbose=1
/global/apps/gcc/4.8.4/bin/gfortran   -v   CMakeFiles/cmTryCompileExec1094563056.dir/CMakeFortranCompilerABI.F.o  -o cmTryCompileExec1094563056 -rdynamic  
Driving: /global/apps/gcc/4.8.4/bin/gfortran -v CMakeFiles/cmTryCompileExec1094563056.dir/CMakeFortranCompilerABI.F.o -o cmTryCompileExec1094563056 -rdynamic -l gfortran -l m -shared-libgcc
Using built-in specs.
COLLECT_GCC=/global/apps/gcc/4.8.4/bin/gfortran
COLLECT_LTO_WRAPPER=/global/home/install/gcc/4.8.4/libexec/gcc/x86_64-unknown-linux-gnu/4.8.4/lto-wrapper
Target: x86_64-unknown-linux-gnu
Configured with: /global/home/anilth/softwares/objdir/../gcc-4.8.4/configure --prefix=/global/home/install/gcc/4.8.4/
Thread model: posix
gcc version 4.8.4 (GCC) 
Reading specs from /global/apps/gcc/4.8.4/lib64/../lib64/libgfortran.spec
rename spec lib to liborig
COLLECT_GCC_OPTIONS='-v' '-o' 'cmTryCompileExec1094563056' '-rdynamic' '-shared-libgcc' '-mtune=generic' '-march=x86-64'
COMPILER_PATH=/global/home/install/gcc/4.8.4/libexec/gcc/x86_64-unknown-linux-gnu/4.8.4/:/global/home/install/gcc/4.8.4/libexec/gcc/x86_64-unknown-linux-gnu/4.8.4/:/global/home/install/gcc/4.8.4/libexec/gcc/x86_64-unknown-linux-gnu/:/global/home/install/gcc/4.8.4/lib/gcc/x86_64-unknown-linux-gnu/4.8.4/:/global/home/install/gcc/4.8.4/lib/gcc/x86_64-unknown-linux-gnu/
LIBRARY_PATH=/global/apps/gcc/4.8.4/lib64/../lib64/:/global/home/install/gcc/4.8.4/lib/gcc/x86_64-unknown-linux-gnu/4.8.4/:/global/home/install/gcc/4.8.4/lib/gcc/x86_64-unknown-linux-gnu/4.8.4/../../../../lib64/:/lib/../lib64/:/usr/lib/../lib64/:/global/apps/gcc/4.8.4/lib64/:/global/apps/intel/2016.3/mkl/lib/intel64/:/global/home/install/gcc/4.8.4/lib/gcc/x86_64-unknown-linux-gnu/4.8.4/../../../:/lib/:/usr/lib/
COLLECT_GCC_OPTIONS='-v' '-o' 'cmTryCompileExec1094563056' '-rdynamic' '-shared-libgcc' '-mtune=generic' '-march=x86-64'
 /global/home/install/gcc/4.8.4/libexec/gcc/x86_64-unknown-linux-gnu/4.8.4/collect2 --eh-frame-hdr -m elf_x86_64 -export-dynamic -dynamic-linker /lib64/ld-linux-x86-64.so.2 -o cmTryCompileExec1094563056 /usr/lib/../lib64/crt1.o /usr/lib/../lib64/crti.o /global/home/install/gcc/4.8.4/lib/gcc/x86_64-unknown-linux-gnu/4.8.4/crtbegin.o -L/global/apps/gcc/4.8.4/lib64/../lib64 -L/global/home/install/gcc/4.8.4/lib/gcc/x86_64-unknown-linux-gnu/4.8.4 -L/global/home/install/gcc/4.8.4/lib/gcc/x86_64-unknown-linux-gnu/4.8.4/../../../../lib64 -L/lib/../lib64 -L/usr/lib/../lib64 -L/global/apps/gcc/4.8.4/lib64 -L/global/apps/intel/2016.3/mkl/lib/intel64 -L/global/home/install/gcc/4.8.4/lib/gcc/x86_64-unknown-linux-gnu/4.8.4/../../.. CMakeFiles/cmTryCompileExec1094563056.dir/CMakeFortranCompilerABI.F.o -lgfortran -lm -lgcc_s -lgcc -lquadmath -lm -lgcc_s -lgcc -lc -lgcc_s -lgcc /global/home/install/gcc/4.8.4/lib/gcc/x86_64-unknown-linux-gnu/4.8.4/crtend.o /usr/lib/../lib64/crtn.o
gmake[1]: Leaving directory `/home/ksb11/GlobalOptimization/GlobalOpt/build/CMakeFiles/CMakeTmp'


Parsed Fortran implicit link information from above output:
  link line regex: [^( *|.*[/\])(ld|([^/\]+-)?ld|collect2)[^/\]*( |$)]
  ignore line: [Change Dir: /home/ksb11/GlobalOptimization/GlobalOpt/build/CMakeFiles/CMakeTmp]
  ignore line: []
  ignore line: [Run Build Command:/usr/bin/gmake "cmTryCompileExec1094563056/fast"]
  ignore line: [/usr/bin/gmake -f CMakeFiles/cmTryCompileExec1094563056.dir/build.make CMakeFiles/cmTryCompileExec1094563056.dir/build]
  ignore line: [gmake[1]: Entering directory `/home/ksb11/GlobalOptimization/GlobalOpt/build/CMakeFiles/CMakeTmp']
  ignore line: [/usr/bin/cmake -E cmake_progress_report /home/ksb11/GlobalOptimization/GlobalOpt/build/CMakeFiles/CMakeTmp/CMakeFiles 1]
  ignore line: [Building Fortran object CMakeFiles/cmTryCompileExec1094563056.dir/CMakeFortranCompilerABI.F.o]
  ignore line: [/global/apps/gcc/4.8.4/bin/gfortran    -c /usr/share/cmake/Modules/CMakeFortranCompilerABI.F -o CMakeFiles/cmTryCompileExec1094563056.dir/CMakeFortranCompilerABI.F.o]
  ignore line: [Linking Fortran executable cmTryCompileExec1094563056]
  ignore line: [/usr/bin/cmake -E cmake_link_script CMakeFiles/cmTryCompileExec1094563056.dir/link.txt --verbose=1]
  ignore line: [/global/apps/gcc/4.8.4/bin/gfortran   -v   CMakeFiles/cmTryCompileExec1094563056.dir/CMakeFortranCompilerABI.F.o  -o cmTryCompileExec1094563056 -rdynamic  ]
  ignore line: [Driving: /global/apps/gcc/4.8.4/bin/gfortran -v CMakeFiles/cmTryCompileExec1094563056.dir/CMakeFortranCompilerABI.F.o -o cmTryCompileExec1094563056 -rdynamic -l gfortran -l m -shared-libgcc]
  ignore line: [Using built-in specs.]
  ignore line: [COLLECT_GCC=/global/apps/gcc/4.8.4/bin/gfortran]
  ignore line: [COLLECT_LTO_WRAPPER=/global/home/install/gcc/4.8.4/libexec/gcc/x86_64-unknown-linux-gnu/4.8.4/lto-wrapper]
  ignore line: [Target: x86_64-unknown-linux-gnu]
  ignore line: [Configured with: /global/home/anilth/softwares/objdir/../gcc-4.8.4/configure --prefix=/global/home/install/gcc/4.8.4/]
  ignore line: [Thread model: posix]
  ignore line: [gcc version 4.8.4 (GCC) ]
  ignore line: [Reading specs from /global/apps/gcc/4.8.4/lib64/../lib64/libgfortran.spec]
  ignore line: [rename spec lib to liborig]
  ignore line: [COLLECT_GCC_OPTIONS='-v' '-o' 'cmTryCompileExec1094563056' '-rdynamic' '-shared-libgcc' '-mtune=generic' '-march=x86-64']
  ignore line: [COMPILER_PATH=/global/home/install/gcc/4.8.4/libexec/gcc/x86_64-unknown-linux-gnu/4.8.4/:/global/home/install/gcc/4.8.4/libexec/gcc/x86_64-unknown-linux-gnu/4.8.4/:/global/home/install/gcc/4.8.4/libexec/gcc/x86_64-unknown-linux-gnu/:/global/home/install/gcc/4.8.4/lib/gcc/x86_64-unknown-linux-gnu/4.8.4/:/global/home/install/gcc/4.8.4/lib/gcc/x86_64-unknown-linux-gnu/]
  ignore line: [LIBRARY_PATH=/global/apps/gcc/4.8.4/lib64/../lib64/:/global/home/install/gcc/4.8.4/lib/gcc/x86_64-unknown-linux-gnu/4.8.4/:/global/home/install/gcc/4.8.4/lib/gcc/x86_64-unknown-linux-gnu/4.8.4/../../../../lib64/:/lib/../lib64/:/usr/lib/../lib64/:/global/apps/gcc/4.8.4/lib64/:/global/apps/intel/2016.3/mkl/lib/intel64/:/global/home/install/gcc/4.8.4/lib/gcc/x86_64-unknown-linux-gnu/4.8.4/../../../:/lib/:/usr/lib/]
  ignore line: [COLLECT_GCC_OPTIONS='-v' '-o' 'cmTryCompileExec1094563056' '-rdynamic' '-shared-libgcc' '-mtune=generic' '-march=x86-64']
  link line: [ /global/home/install/gcc/4.8.4/libexec/gcc/x86_64-unknown-linux-gnu/4.8.4/collect2 --eh-frame-hdr -m elf_x86_64 -export-dynamic -dynamic-linker /lib64/ld-linux-x86-64.so.2 -o cmTryCompileExec1094563056 /usr/lib/../lib64/crt1.o /usr/lib/../lib64/crti.o /global/home/install/gcc/4.8.4/lib/gcc/x86_64-unknown-linux-gnu/4.8.4/crtbegin.o -L/global/apps/gcc/4.8.4/lib64/../lib64 -L/global/home/install/gcc/4.8.4/lib/gcc/x86_64-unknown-linux-gnu/4.8.4 -L/global/home/install/gcc/4.8.4/lib/gcc/x86_64-unknown-linux-gnu/4.8.4/../../../../lib64 -L/lib/../lib64 -L/usr/lib/../lib64 -L/global/apps/gcc/4.8.4/lib64 -L/global/apps/intel/2016.3/mkl/lib/intel64 -L/global/home/install/gcc/4.8.4/lib/gcc/x86_64-unknown-linux-gnu/4.8.4/../../.. CMakeFiles/cmTryCompileExec1094563056.dir/CMakeFortranCompilerABI.F.o -lgfortran -lm -lgcc_s -lgcc -lquadmath -lm -lgcc_s -lgcc -lc -lgcc_s -lgcc /global/home/install/gcc/4.8.4/lib/gcc/x86_64-unknown-linux-gnu/4.8.4/crtend.o /usr/lib/../lib64/crtn.o]
    arg [/global/home/install/gcc/4.8.4/libexec/gcc/x86_64-unknown-linux-gnu/4.8.4/collect2] ==> ignore
    arg [--eh-frame-hdr] ==> ignore
    arg [-m] ==> ignore
    arg [elf_x86_64] ==> ignore
    arg [-export-dynamic] ==> ignore
    arg [-dynamic-linker] ==> ignore
    arg [/lib64/ld-linux-x86-64.so.2] ==> ignore
    arg [-o] ==> ignore
    arg [cmTryCompileExec1094563056] ==> ignore
    arg [/usr/lib/../lib64/crt1.o] ==> ignore
    arg [/usr/lib/../lib64/crti.o] ==> ignore
    arg [/global/home/install/gcc/4.8.4/lib/gcc/x86_64-unknown-linux-gnu/4.8.4/crtbegin.o] ==> ignore
    arg [-L/global/apps/gcc/4.8.4/lib64/../lib64] ==> dir [/global/apps/gcc/4.8.4/lib64/../lib64]
    arg [-L/global/home/install/gcc/4.8.4/lib/gcc/x86_64-unknown-linux-gnu/4.8.4] ==> dir [/global/home/install/gcc/4.8.4/lib/gcc/x86_64-unknown-linux-gnu/4.8.4]
    arg [-L/global/home/install/gcc/4.8.4/lib/gcc/x86_64-unknown-linux-gnu/4.8.4/../../../../lib64] ==> dir [/global/home/install/gcc/4.8.4/lib/gcc/x86_64-unknown-linux-gnu/4.8.4/../../../../lib64]
    arg [-L/lib/../lib64] ==> dir [/lib/../lib64]
    arg [-L/usr/lib/../lib64] ==> dir [/usr/lib/../lib64]
    arg [-L/global/apps/gcc/4.8.4/lib64] ==> dir [/global/apps/gcc/4.8.4/lib64]
    arg [-L/global/apps/intel/2016.3/mkl/lib/intel64] ==> dir [/global/apps/intel/2016.3/mkl/lib/intel64]
    arg [-L/global/home/install/gcc/4.8.4/lib/gcc/x86_64-unknown-linux-gnu/4.8.4/../../..] ==> dir [/global/home/install/gcc/4.8.4/lib/gcc/x86_64-unknown-linux-gnu/4.8.4/../../..]
    arg [CMakeFiles/cmTryCompileExec1094563056.dir/CMakeFortranCompilerABI.F.o] ==> ignore
    arg [-lgfortran] ==> lib [gfortran]
    arg [-lm] ==> lib [m]
    arg [-lgcc_s] ==> lib [gcc_s]
    arg [-lgcc] ==> lib [gcc]
    arg [-lquadmath] ==> lib [quadmath]
    arg [-lm] ==> lib [m]
    arg [-lgcc_s] ==> lib [gcc_s]
    arg [-lgcc] ==> lib [gcc]
    arg [-lc] ==> lib [c]
    arg [-lgcc_s] ==> lib [gcc_s]
    arg [-lgcc] ==> lib [gcc]
    arg [/global/home/install/gcc/4.8.4/lib/gcc/x86_64-unknown-linux-gnu/4.8.4/crtend.o] ==> ignore
    arg [/usr/lib/../lib64/crtn.o] ==> ignore
  remove lib [gcc_s]
  remove lib [gcc]
  remove lib [gcc_s]
  remove lib [gcc]
  remove lib [gcc_s]
  remove lib [gcc]
  collapse library dir [/global/apps/gcc/4.8.4/lib64/../lib64] ==> [/global/apps/gcc/4.8.4/lib64]
  collapse library dir [/global/home/install/gcc/4.8.4/lib/gcc/x86_64-unknown-linux-gnu/4.8.4] ==> [/global/home/install/gcc/4.8.4/lib/gcc/x86_64-unknown-linux-gnu/4.8.4]
  collapse library dir [/global/home/install/gcc/4.8.4/lib/gcc/x86_64-unknown-linux-gnu/4.8.4/../../../../lib64] ==> [/global/home/install/gcc/4.8.4/lib64]
  collapse library dir [/lib/../lib64] ==> [/lib64]
  collapse library dir [/usr/lib/../lib64] ==> [/usr/lib64]
  collapse library dir [/global/apps/gcc/4.8.4/lib64] ==> [/global/apps/gcc/4.8.4/lib64]
  collapse library dir [/global/apps/intel/2016.3/mkl/lib/intel64] ==> [/global/apps/intel/2016.3/mkl/lib/intel64]
  collapse library dir [/global/home/install/gcc/4.8.4/lib/gcc/x86_64-unknown-linux-gnu/4.8.4/../../..] ==> [/global/home/install/gcc/4.8.4/lib]
  implicit libs: [gfortran;m;quadmath;m;c]
  implicit dirs: [/global/apps/gcc/4.8.4/lib64;/global/home/install/gcc/4.8.4/lib/gcc/x86_64-unknown-linux-gnu/4.8.4;/global/home/install/gcc/4.8.4/lib64;/lib64;/usr/lib64;/global/apps/intel/2016.3/mkl/lib/intel64;/global/home/install/gcc/4.8.4/lib]
  implicit fwks: []


Determining if the Fortran compiler supports Fortran 90 passed with the following output:
Change Dir: /home/ksb11/GlobalOptimization/GlobalOpt/build/CMakeFiles/CMakeTmp

Run Build Command:/usr/bin/gmake "cmTryCompileExec2203108482/fast"
/usr/bin/gmake -f CMakeFiles/cmTryCompileExec2203108482.dir/build.make CMakeFiles/cmTryCompileExec2203108482.dir/build
gmake[1]: Entering directory `/home/ksb11/GlobalOptimization/GlobalOpt/build/CMakeFiles/CMakeTmp'
/usr/bin/cmake -E cmake_progress_report /home/ksb11/GlobalOptimization/GlobalOpt/build/CMakeFiles/CMakeTmp/CMakeFiles 1
Building Fortran object CMakeFiles/cmTryCompileExec2203108482.dir/testFortranCompilerF90.f90.o
/global/apps/gcc/4.8.4/bin/gfortran    -c /home/ksb11/GlobalOptimization/GlobalOpt/build/CMakeFiles/CMakeTmp/testFortranCompilerF90.f90 -o CMakeFiles/cmTryCompileExec2203108482.dir/testFortranCompilerF90.f90.o
Linking Fortran executable cmTryCompileExec2203108482
/usr/bin/cmake -E cmake_link_script CMakeFiles/cmTryCompileExec2203108482.dir/link.txt --verbose=1
/global/apps/gcc/4.8.4/bin/gfortran       CMakeFiles/cmTryCompileExec2203108482.dir/testFortranCompilerF90.f90.o  -o cmTryCompileExec2203108482 -rdynamic 
gmake[1]: Leaving directory `/home/ksb11/GlobalOptimization/GlobalOpt/build/CMakeFiles/CMakeTmp'


