	****************************
	CN-Anal Started At:	Tue Dec 13 13:01:50 2016
	****************************

*************** SYSTEM PARAMETERS ***************
CutOff Distance for Neighbor Pairs	:	3.700000
Input Atom config file			:	AlFcc.r
Box Vector (A)				:	(16.200199, 0.000000, 0.000000)
Box Vector (B)				:	(0.000000, 16.200199, 0.000000)
Box Vector (C)				:	(0.000000, 0.000000, 16.200199)
Slots					:	(4, 4, 4)
Min/Max Pair Separation			:	(2.863782, 2.864065)
Min/Max Number of Nbors			:	(12, 12)
*****************************************************

************ # BCC, FCC, HCP, ICO Atoms *************
# Atoms In the System			:	256
# Type-1 FCC Atoms In the Box		:	  256 (100.000  %)  @Time= 0.00000000e+00
*****************************************************
***************** COORDINATION DATA *****************
CoordNum 'i'	# of Atoms with CN 'i'	% Atoms With CN 'i'
------------	----------------------	-------------------
	FCC		256		100.0000
*****************************************************

************** PAIRS WITH DIFFERENT INDICES **************
Pair Index (J, K, L)	# of (J,K,L) Pairs	% of Total Pairs
--------------------	------------------	-----------------
	(4, 2, 1)		3072				100.00
*****************************************************

	****************************
	CN-Anal Finished At:	Tue Dec 13 13:01:50 2016
	****************************

	
############################

	****************************
	CN-Anal Started At:	Tue Dec 13 13:02:46 2016
	****************************

*************** SYSTEM PARAMETERS ***************
CutOff Distance for Neighbor Pairs	:	3.700000
Input Atom config file			:	AlFcc.r
Box Vector (A)				:	(16.200199, 0.000000, 0.000000)
Box Vector (B)				:	(0.000000, 16.200199, 0.000000)
Box Vector (C)				:	(0.000000, 0.000000, 16.200199)
Slots					:	(4, 4, 4)
Min/Max Pair Separation			:	(2.863782, 2.864065)
Min/Max Number of Nbors			:	(12, 12)
*****************************************************

************ # BCC, FCC, HCP, ICO Atoms *************
# Atoms In the System			:	256
# Type-1 FCC Atoms In the Box		:	  256 (100.000  %)  @Time= 0.00000000e+00
*****************************************************
***************** COORDINATION DATA *****************
CoordNum 'i'	# of Atoms with CN 'i'	% Atoms With CN 'i'
------------	----------------------	-------------------
	FCC		256		100.0000
*****************************************************

************** PAIRS WITH DIFFERENT INDICES **************
Pair Index (J, K, L)	# of (J,K,L) Pairs	% of Total Pairs
--------------------	------------------	-----------------
	(4, 2, 1)		3072				100.00
*****************************************************

	****************************
	CN-Anal Finished At:	Tue Dec 13 13:02:46 2016
	****************************

	
############################

	****************************
	CN-Anal Started At:	Tue Dec 13 13:11:51 2016
	****************************

*************** SYSTEM PARAMETERS ***************
CutOff Distance for Neighbor Pairs	:	3.700000
Input Atom config file			:	AlFcc.r
Box Vector (A)				:	(16.200199, 0.000000, 0.000000)
Box Vector (B)				:	(0.000000, 16.200199, 0.000000)
Box Vector (C)				:	(0.000000, 0.000000, 16.200199)
Slots					:	(4, 4, 4)
Min/Max Pair Separation			:	(2.863782, 2.864065)
Min/Max Number of Nbors			:	(12, 12)
*****************************************************

************ # BCC, FCC, HCP, ICO Atoms *************
# Atoms In the System			:	256
# Type-1 FCC Atoms In the Box		:	  256 (100.000  %)  @Time= 0.00000000e+00
*****************************************************
***************** COORDINATION DATA *****************
CoordNum 'i'	# of Atoms with CN 'i'	% Atoms With CN 'i'
------------	----------------------	-------------------
	FCC		256		100.0000
*****************************************************

************** PAIRS WITH DIFFERENT INDICES **************
Pair Index (J, K, L)	# of (J,K,L) Pairs	% of Total Pairs
--------------------	------------------	-----------------
	(4, 2, 1)		3072				100.00
*****************************************************

	****************************
	CN-Anal Finished At:	Tue Dec 13 13:11:51 2016
	****************************

	
############################

	****************************
	CN-Anal Started At:	Tue Dec 13 13:16:24 2016
	****************************

*************** SYSTEM PARAMETERS ***************
CutOff Distance for Neighbor Pairs	:	3.700000
Input Atom config file			:	AlFcc.r
Box Vector (A)				:	(16.200199, 0.000000, 0.000000)
Box Vector (B)				:	(0.000000, 16.200199, 0.000000)
Box Vector (C)				:	(0.000000, 0.000000, 16.200199)
Slots					:	(4, 4, 4)
Min/Max Pair Separation			:	(2.863782, 2.864065)
Min/Max Number of Nbors			:	(12, 12)
*****************************************************

************ # BCC, FCC, HCP, ICO Atoms *************
# Atoms In the System			:	256
# Type-1 FCC Atoms In the Box		:	  256 (100.000  %)  @Time= 0.00000000e+00
*****************************************************
***************** COORDINATION DATA *****************
CoordNum 'i'	# of Atoms with CN 'i'	% Atoms With CN 'i'
------------	----------------------	-------------------
	FCC		256		100.0000
*****************************************************

************** PAIRS WITH DIFFERENT INDICES **************
Pair Index (J, K, L)	# of (J,K,L) Pairs	% of Total Pairs
--------------------	------------------	-----------------
	(4, 2, 1)		3072				100.00
*****************************************************

	****************************
	CN-Anal Finished At:	Tue Dec 13 13:16:24 2016
	****************************

	
############################

	****************************
	CN-Anal Started At:	Tue Dec 13 13:16:41 2016
	****************************

*************** SYSTEM PARAMETERS ***************
CutOff Distance for Neighbor Pairs	:	3.700000
Input Atom config file			:	AlFcc.r
Box Vector (A)				:	(16.200199, 0.000000, 0.000000)
Box Vector (B)				:	(0.000000, 16.200199, 0.000000)
Box Vector (C)				:	(0.000000, 0.000000, 16.200199)
Slots					:	(4, 4, 4)
Min/Max Pair Separation			:	(2.863782, 2.864065)
Min/Max Number of Nbors			:	(12, 12)
*****************************************************

************ # BCC, FCC, HCP, ICO Atoms *************
# Atoms In the System			:	256
# Type-1 FCC Atoms In the Box		:	  256 (100.000  %)  @Time= 0.00000000e+00
*****************************************************
***************** COORDINATION DATA *****************
CoordNum 'i'	# of Atoms with CN 'i'	% Atoms With CN 'i'
------------	----------------------	-------------------
	FCC		256		100.0000
*****************************************************

************** PAIRS WITH DIFFERENT INDICES **************
Pair Index (J, K, L)	# of (J,K,L) Pairs	% of Total Pairs
--------------------	------------------	-----------------
	(4, 2, 1)		3072				100.00
*****************************************************

	****************************
	CN-Anal Finished At:	Tue Dec 13 13:16:41 2016
	****************************

	
############################

	****************************
	CN-Anal Started At:	Tue Dec 13 13:32:49 2016
	****************************

*************** SYSTEM PARAMETERS ***************
CutOff Distance for Neighbor Pairs	:	3.700000
Input Atom config file			:	Au55_chiral_min.r
Box Vector (A)				:	(16.000000, 0.000000, 0.000000)
Box Vector (B)				:	(0.000000, 16.000000, 0.000000)
Box Vector (C)				:	(0.000000, 0.000000, 16.000000)
Slots					:	(4, 4, 4)
Min/Max Pair Separation			:	(2.656034, 3.611617)
Min/Max Number of Nbors			:	(4, 14)
*****************************************************

************ # BCC, FCC, HCP, ICO Atoms *************
# Atoms In the System			:	55
*****************************************************
***************** COORDINATION DATA *****************
CoordNum 'i'	# of Atoms with CN 'i'	% Atoms With CN 'i'
------------	----------------------	-------------------
	4		1		1.8182
	6		13		23.6364
	7		8		14.5455
	8		20		36.3636
	9		1		1.8182
	10		2		3.6364
	12		4		7.2727
	13		5		9.0909
	14		1		1.8182
*****************************************************

************** PAIRS WITH DIFFERENT INDICES **************
Pair Index (J, K, L)	# of (J,K,L) Pairs	% of Total Pairs
--------------------	------------------	-----------------
	(2, 0, 0)		24				 5.29
	(2, 1, 1)		12				 2.64
	(3, 0, 0)		6				 1.32
	(3, 1, 1)		110				24.23
	(3, 2, 2)		96				21.15
	(4, 2, 1)		28				 6.17
	(4, 2, 2)		100				22.03
	(4, 3, 3)		18				 3.96
	(4, 4, 4)		2				 0.44
	(5, 4, 3)		34				 7.49
	(5, 5, 5)		24				 5.29
*****************************************************

	****************************
	CN-Anal Finished At:	Tue Dec 13 13:32:49 2016
	****************************

	
############################

	****************************
	CN-Anal Started At:	Tue Dec 13 15:49:50 2016
	****************************

*************** SYSTEM PARAMETERS ***************
CutOff Distance for Neighbor Pairs	:	3.700000
Input Atom config file			:	Au55_chiral_min.r
Box Vector (A)				:	(16.000000, 0.000000, 0.000000)
Box Vector (B)				:	(0.000000, 16.000000, 0.000000)
Box Vector (C)				:	(0.000000, 0.000000, 16.000000)
Slots					:	(4, 4, 4)
Min/Max Pair Separation			:	(2.656034, 3.611617)
Min/Max Number of Nbors			:	(4, 14)
*****************************************************

************ # BCC, FCC, HCP, ICO Atoms *************
# Atoms In the System			:	55
*****************************************************
***************** COORDINATION DATA *****************
CoordNum 'i'	# of Atoms with CN 'i'	% Atoms With CN 'i'
------------	----------------------	-------------------
	4		1		1.8182
	6		13		23.6364
	7		8		14.5455
	8		20		36.3636
	9		1		1.8182
	10		2		3.6364
	12		4		7.2727
	13		5		9.0909
	14		1		1.8182
*****************************************************

************** PAIRS WITH DIFFERENT INDICES **************
Pair Index (J, K, L)	# of (J,K,L) Pairs	% of Total Pairs
--------------------	------------------	-----------------
	(2, 0, 0)		24				 5.29
	(2, 1, 1)		12				 2.64
	(3, 0, 0)		6				 1.32
	(3, 1, 1)		110				24.23
	(3, 2, 2)		96				21.15
	(4, 2, 1)		28				 6.17
	(4, 2, 2)		100				22.03
	(4, 3, 3)		18				 3.96
	(4, 4, 4)		2				 0.44
	(5, 4, 3)		34				 7.49
	(5, 5, 5)		24				 5.29
*****************************************************

	****************************
	CN-Anal Finished At:	Tue Dec 13 15:49:50 2016
	****************************

	
############################

	****************************
	CN-Anal Started At:	Tue Dec 13 15:50:10 2016
	****************************

*************** SYSTEM PARAMETERS ***************
CutOff Distance for Neighbor Pairs	:	3.600000
Input Atom config file			:	Au55_chiral_min.r
Box Vector (A)				:	(16.000000, 0.000000, 0.000000)
Box Vector (B)				:	(0.000000, 16.000000, 0.000000)
Box Vector (C)				:	(0.000000, 0.000000, 16.000000)
Slots					:	(4, 4, 4)
Min/Max Pair Separation			:	(2.656034, 3.480050)
Min/Max Number of Nbors			:	(4, 14)
*****************************************************

************ # BCC, FCC, HCP, ICO Atoms *************
# Atoms In the System			:	55
*****************************************************
***************** COORDINATION DATA *****************
CoordNum 'i'	# of Atoms with CN 'i'	% Atoms With CN 'i'
------------	----------------------	-------------------
	4		1		1.8182
	6		13		23.6364
	7		11		20.0000
	8		17		30.9091
	9		1		1.8182
	10		2		3.6364
	12		5		9.0909
	13		4		7.2727
	14		1		1.8182
*****************************************************

************** PAIRS WITH DIFFERENT INDICES **************
Pair Index (J, K, L)	# of (J,K,L) Pairs	% of Total Pairs
--------------------	------------------	-----------------
	(2, 0, 0)		28				 6.22
	(2, 1, 1)		18				 4.00
	(3, 0, 0)		6				 1.33
	(3, 1, 1)		118				26.22
	(3, 2, 2)		84				18.67
	(4, 2, 1)		32				 7.11
	(4, 2, 2)		102				22.67
	(4, 3, 3)		14				 3.11
	(5, 4, 3)		26				 5.78
	(5, 5, 5)		22				 4.89
*****************************************************

	****************************
	CN-Anal Finished At:	Tue Dec 13 15:50:10 2016
	****************************

	
############################

