	****************************
	CN-Anal Started At:	Mon Dec  5 18:05:27 2016
	****************************

*************** SYSTEM PARAMETERS ***************
CutOff Distance for Neighbor Pairs	:	3.200000
Input Atom config file			:	Au55_chiral_min.r
Box Vector (A)				:	(16.000000, 0.000000, 0.000000)
Box Vector (B)				:	(0.000000, 16.000000, 0.000000)
Box Vector (C)				:	(0.000000, 0.000000, 16.000000)
Slots					:	(5, 5, 5)
Min/Max Pair Separation			:	(2.656034, 3.193729)
Min/Max Number of Nbors			:	(4, 13)
*****************************************************

************ # BCC, FCC, HCP, ICO Atoms *************
# Atoms In the System			:	55
*****************************************************
***************** COORDINATION DATA *****************
CoordNum 'i'	# of Atoms with CN 'i'	% Atoms With CN 'i'
------------	----------------------	-------------------
	4		1		1.8182
	6		13		23.6364
	7		13		23.6364
	8		15		27.2727
	9		3		5.4545
	10		1		1.8182
	11		5		9.0909
	12		3		5.4545
	13		1		1.8182
*****************************************************

************** PAIRS WITH DIFFERENT INDICES **************
Pair Index (J, K, L)	# of (J,K,L) Pairs	% of Total Pairs
--------------------	------------------	-----------------
	(1, 0, 0)		2				 0.46
	(2, 0, 0)		48				11.06
	(2, 1, 1)		18				 4.15
	(3, 0, 0)		46				10.60
	(3, 1, 1)		126				29.03
	(3, 2, 2)		82				18.89
	(4, 1, 1)		8				 1.84
	(4, 2, 1)		16				 3.69
	(4, 2, 2)		66				15.21
	(4, 3, 3)		4				 0.92
	(5, 4, 3)		6				 1.38
	(5, 5, 5)		12				 2.76
*****************************************************

	****************************
	CN-Anal Finished At:	Mon Dec  5 18:05:27 2016
	****************************

	
############################

	****************************
	CN-Anal Started At:	Mon Dec  5 18:06:13 2016
	****************************

*************** SYSTEM PARAMETERS ***************
CutOff Distance for Neighbor Pairs	:	3.400000
Input Atom config file			:	Au55_chiral_min.r
Box Vector (A)				:	(16.000000, 0.000000, 0.000000)
Box Vector (B)				:	(0.000000, 16.000000, 0.000000)
Box Vector (C)				:	(0.000000, 0.000000, 16.000000)
Slots					:	(4, 4, 4)
Min/Max Pair Separation			:	(2.656034, 3.392184)
Min/Max Number of Nbors			:	(4, 13)
*****************************************************

************ # BCC, FCC, HCP, ICO Atoms *************
# Atoms In the System			:	55
*****************************************************
***************** COORDINATION DATA *****************
CoordNum 'i'	# of Atoms with CN 'i'	% Atoms With CN 'i'
------------	----------------------	-------------------
	4		1		1.8182
	6		13		23.6364
	7		12		21.8182
	8		16		29.0909
	9		2		3.6364
	10		1		1.8182
	11		1		1.8182
	12		6		10.9091
	13		3		5.4545
*****************************************************

************** PAIRS WITH DIFFERENT INDICES **************
Pair Index (J, K, L)	# of (J,K,L) Pairs	% of Total Pairs
--------------------	------------------	-----------------
	(1, 0, 0)		2				 0.45
	(2, 0, 0)		30				 6.76
	(2, 1, 1)		18				 4.05
	(3, 0, 0)		18				 4.05
	(3, 1, 1)		128				28.83
	(3, 2, 2)		80				18.02
	(4, 1, 1)		12				 2.70
	(4, 2, 1)		32				 7.21
	(4, 2, 2)		92				20.72
	(4, 3, 3)		10				 2.25
	(5, 4, 3)		10				 2.25
	(5, 5, 5)		12				 2.70
*****************************************************

	****************************
	CN-Anal Finished At:	Mon Dec  5 18:06:13 2016
	****************************

	
############################

	****************************
	CN-Anal Started At:	Mon Dec  5 18:06:35 2016
	****************************

*************** SYSTEM PARAMETERS ***************
CutOff Distance for Neighbor Pairs	:	3.450000
Input Atom config file			:	Au55_chiral_min.r
Box Vector (A)				:	(16.000000, 0.000000, 0.000000)
Box Vector (B)				:	(0.000000, 16.000000, 0.000000)
Box Vector (C)				:	(0.000000, 0.000000, 16.000000)
Slots					:	(4, 4, 4)
Min/Max Pair Separation			:	(2.656034, 3.427243)
Min/Max Number of Nbors			:	(4, 14)
*****************************************************

************ # BCC, FCC, HCP, ICO Atoms *************
# Atoms In the System			:	55
*****************************************************
***************** COORDINATION DATA *****************
CoordNum 'i'	# of Atoms with CN 'i'	% Atoms With CN 'i'
------------	----------------------	-------------------
	4		1		1.8182
	6		13		23.6364
	7		12		21.8182
	8		16		29.0909
	9		1		1.8182
	10		2		3.6364
	12		6		10.9091
	13		3		5.4545
	14		1		1.8182
*****************************************************

************** PAIRS WITH DIFFERENT INDICES **************
Pair Index (J, K, L)	# of (J,K,L) Pairs	% of Total Pairs
--------------------	------------------	-----------------
	(1, 0, 0)		2				 0.45
	(2, 0, 0)		28				 6.25
	(2, 1, 1)		18				 4.02
	(3, 0, 0)		8				 1.79
	(3, 1, 1)		122				27.23
	(3, 2, 2)		82				18.30
	(4, 1, 1)		2				 0.45
	(4, 2, 1)		26				 5.80
	(4, 2, 2)		110				24.55
	(4, 3, 3)		8				 1.79
	(5, 4, 3)		20				 4.46
	(5, 5, 5)		22				 4.91
*****************************************************

	****************************
	CN-Anal Finished At:	Mon Dec  5 18:06:35 2016
	****************************

	
############################

	****************************
	CN-Anal Started At:	Mon Dec  5 18:06:48 2016
	****************************

*************** SYSTEM PARAMETERS ***************
CutOff Distance for Neighbor Pairs	:	3.500000
Input Atom config file			:	Au55_chiral_min.r
Box Vector (A)				:	(16.000000, 0.000000, 0.000000)
Box Vector (B)				:	(0.000000, 16.000000, 0.000000)
Box Vector (C)				:	(0.000000, 0.000000, 16.000000)
Slots					:	(4, 4, 4)
Min/Max Pair Separation			:	(2.656034, 3.480050)
Min/Max Number of Nbors			:	(4, 14)
*****************************************************

************ # BCC, FCC, HCP, ICO Atoms *************
# Atoms In the System			:	55
*****************************************************
***************** COORDINATION DATA *****************
CoordNum 'i'	# of Atoms with CN 'i'	% Atoms With CN 'i'
------------	----------------------	-------------------
	4		1		1.8182
	6		13		23.6364
	7		11		20.0000
	8		17		30.9091
	9		1		1.8182
	10		2		3.6364
	12		5		9.0909
	13		4		7.2727
	14		1		1.8182
*****************************************************

************** PAIRS WITH DIFFERENT INDICES **************
Pair Index (J, K, L)	# of (J,K,L) Pairs	% of Total Pairs
--------------------	------------------	-----------------
	(2, 0, 0)		28				 6.22
	(2, 1, 1)		18				 4.00
	(3, 0, 0)		6				 1.33
	(3, 1, 1)		118				26.22
	(3, 2, 2)		84				18.67
	(4, 2, 1)		32				 7.11
	(4, 2, 2)		102				22.67
	(4, 3, 3)		14				 3.11
	(5, 4, 3)		26				 5.78
	(5, 5, 5)		22				 4.89
*****************************************************

	****************************
	CN-Anal Finished At:	Mon Dec  5 18:06:48 2016
	****************************

	
############################

	****************************
	CN-Anal Started At:	Mon Dec  5 18:07:01 2016
	****************************

*************** SYSTEM PARAMETERS ***************
CutOff Distance for Neighbor Pairs	:	3.600000
Input Atom config file			:	Au55_chiral_min.r
Box Vector (A)				:	(16.000000, 0.000000, 0.000000)
Box Vector (B)				:	(0.000000, 16.000000, 0.000000)
Box Vector (C)				:	(0.000000, 0.000000, 16.000000)
Slots					:	(4, 4, 4)
Min/Max Pair Separation			:	(2.656034, 3.480050)
Min/Max Number of Nbors			:	(4, 14)
*****************************************************

************ # BCC, FCC, HCP, ICO Atoms *************
# Atoms In the System			:	55
*****************************************************
***************** COORDINATION DATA *****************
CoordNum 'i'	# of Atoms with CN 'i'	% Atoms With CN 'i'
------------	----------------------	-------------------
	4		1		1.8182
	6		13		23.6364
	7		11		20.0000
	8		17		30.9091
	9		1		1.8182
	10		2		3.6364
	12		5		9.0909
	13		4		7.2727
	14		1		1.8182
*****************************************************

************** PAIRS WITH DIFFERENT INDICES **************
Pair Index (J, K, L)	# of (J,K,L) Pairs	% of Total Pairs
--------------------	------------------	-----------------
	(2, 0, 0)		28				 6.22
	(2, 1, 1)		18				 4.00
	(3, 0, 0)		6				 1.33
	(3, 1, 1)		118				26.22
	(3, 2, 2)		84				18.67
	(4, 2, 1)		32				 7.11
	(4, 2, 2)		102				22.67
	(4, 3, 3)		14				 3.11
	(5, 4, 3)		26				 5.78
	(5, 5, 5)		22				 4.89
*****************************************************

	****************************
	CN-Anal Finished At:	Mon Dec  5 18:07:01 2016
	****************************

	
############################

	****************************
	CN-Anal Started At:	Mon Dec  5 18:07:11 2016
	****************************

*************** SYSTEM PARAMETERS ***************
CutOff Distance for Neighbor Pairs	:	3.650000
Input Atom config file			:	Au55_chiral_min.r
Box Vector (A)				:	(16.000000, 0.000000, 0.000000)
Box Vector (B)				:	(0.000000, 16.000000, 0.000000)
Box Vector (C)				:	(0.000000, 0.000000, 16.000000)
Slots					:	(4, 4, 4)
Min/Max Pair Separation			:	(2.656034, 3.611617)
Min/Max Number of Nbors			:	(4, 14)
*****************************************************

************ # BCC, FCC, HCP, ICO Atoms *************
# Atoms In the System			:	55
*****************************************************
***************** COORDINATION DATA *****************
CoordNum 'i'	# of Atoms with CN 'i'	% Atoms With CN 'i'
------------	----------------------	-------------------
	4		1		1.8182
	6		13		23.6364
	7		8		14.5455
	8		20		36.3636
	9		1		1.8182
	10		2		3.6364
	12		4		7.2727
	13		5		9.0909
	14		1		1.8182
*****************************************************

************** PAIRS WITH DIFFERENT INDICES **************
Pair Index (J, K, L)	# of (J,K,L) Pairs	% of Total Pairs
--------------------	------------------	-----------------
	(2, 0, 0)		24				 5.29
	(2, 1, 1)		12				 2.64
	(3, 0, 0)		6				 1.32
	(3, 1, 1)		110				24.23
	(3, 2, 2)		96				21.15
	(4, 2, 1)		28				 6.17
	(4, 2, 2)		100				22.03
	(4, 3, 3)		18				 3.96
	(4, 4, 4)		2				 0.44
	(5, 4, 3)		34				 7.49
	(5, 5, 5)		24				 5.29
*****************************************************

	****************************
	CN-Anal Finished At:	Mon Dec  5 18:07:11 2016
	****************************

	
############################

	****************************
	CN-Anal Started At:	Mon Dec  5 18:07:23 2016
	****************************

*************** SYSTEM PARAMETERS ***************
CutOff Distance for Neighbor Pairs	:	3.700000
Input Atom config file			:	Au55_chiral_min.r
Box Vector (A)				:	(16.000000, 0.000000, 0.000000)
Box Vector (B)				:	(0.000000, 16.000000, 0.000000)
Box Vector (C)				:	(0.000000, 0.000000, 16.000000)
Slots					:	(4, 4, 4)
Min/Max Pair Separation			:	(2.656034, 3.611617)
Min/Max Number of Nbors			:	(4, 14)
*****************************************************

************ # BCC, FCC, HCP, ICO Atoms *************
# Atoms In the System			:	55
*****************************************************
***************** COORDINATION DATA *****************
CoordNum 'i'	# of Atoms with CN 'i'	% Atoms With CN 'i'
------------	----------------------	-------------------
	4		1		1.8182
	6		13		23.6364
	7		8		14.5455
	8		20		36.3636
	9		1		1.8182
	10		2		3.6364
	12		4		7.2727
	13		5		9.0909
	14		1		1.8182
*****************************************************

************** PAIRS WITH DIFFERENT INDICES **************
Pair Index (J, K, L)	# of (J,K,L) Pairs	% of Total Pairs
--------------------	------------------	-----------------
	(2, 0, 0)		24				 5.29
	(2, 1, 1)		12				 2.64
	(3, 0, 0)		6				 1.32
	(3, 1, 1)		110				24.23
	(3, 2, 2)		96				21.15
	(4, 2, 1)		28				 6.17
	(4, 2, 2)		100				22.03
	(4, 3, 3)		18				 3.96
	(4, 4, 4)		2				 0.44
	(5, 4, 3)		34				 7.49
	(5, 5, 5)		24				 5.29
*****************************************************

	****************************
	CN-Anal Finished At:	Mon Dec  5 18:07:23 2016
	****************************

	
############################

	****************************
	CN-Anal Started At:	Mon Dec  5 18:07:34 2016
	****************************

*************** SYSTEM PARAMETERS ***************
CutOff Distance for Neighbor Pairs	:	3.750000
Input Atom config file			:	Au55_chiral_min.r
Box Vector (A)				:	(16.000000, 0.000000, 0.000000)
Box Vector (B)				:	(0.000000, 16.000000, 0.000000)
Box Vector (C)				:	(0.000000, 0.000000, 16.000000)
Slots					:	(4, 4, 4)
Min/Max Pair Separation			:	(2.656034, 3.611617)
Min/Max Number of Nbors			:	(4, 14)
*****************************************************

************ # BCC, FCC, HCP, ICO Atoms *************
# Atoms In the System			:	55
*****************************************************
***************** COORDINATION DATA *****************
CoordNum 'i'	# of Atoms with CN 'i'	% Atoms With CN 'i'
------------	----------------------	-------------------
	4		1		1.8182
	6		13		23.6364
	7		8		14.5455
	8		20		36.3636
	9		1		1.8182
	10		2		3.6364
	12		4		7.2727
	13		5		9.0909
	14		1		1.8182
*****************************************************

************** PAIRS WITH DIFFERENT INDICES **************
Pair Index (J, K, L)	# of (J,K,L) Pairs	% of Total Pairs
--------------------	------------------	-----------------
	(2, 0, 0)		24				 5.29
	(2, 1, 1)		12				 2.64
	(3, 0, 0)		6				 1.32
	(3, 1, 1)		110				24.23
	(3, 2, 2)		96				21.15
	(4, 2, 1)		28				 6.17
	(4, 2, 2)		100				22.03
	(4, 3, 3)		18				 3.96
	(4, 4, 4)		2				 0.44
	(5, 4, 3)		34				 7.49
	(5, 5, 5)		24				 5.29
*****************************************************

	****************************
	CN-Anal Finished At:	Mon Dec  5 18:07:34 2016
	****************************

	
############################

	****************************
	CN-Anal Started At:	Mon Dec  5 18:07:48 2016
	****************************

*************** SYSTEM PARAMETERS ***************
CutOff Distance for Neighbor Pairs	:	3.800000
Input Atom config file			:	Au55_chiral_min.r
Box Vector (A)				:	(16.000000, 0.000000, 0.000000)
Box Vector (B)				:	(0.000000, 16.000000, 0.000000)
Box Vector (C)				:	(0.000000, 0.000000, 16.000000)
Slots					:	(4, 4, 4)
Min/Max Pair Separation			:	(2.656034, 3.611617)
Min/Max Number of Nbors			:	(4, 14)
*****************************************************

************ # BCC, FCC, HCP, ICO Atoms *************
# Atoms In the System			:	55
*****************************************************
***************** COORDINATION DATA *****************
CoordNum 'i'	# of Atoms with CN 'i'	% Atoms With CN 'i'
------------	----------------------	-------------------
	4		1		1.8182
	6		13		23.6364
	7		8		14.5455
	8		20		36.3636
	9		1		1.8182
	10		2		3.6364
	12		4		7.2727
	13		5		9.0909
	14		1		1.8182
*****************************************************

************** PAIRS WITH DIFFERENT INDICES **************
Pair Index (J, K, L)	# of (J,K,L) Pairs	% of Total Pairs
--------------------	------------------	-----------------
	(2, 0, 0)		24				 5.29
	(2, 1, 1)		12				 2.64
	(3, 0, 0)		6				 1.32
	(3, 1, 1)		110				24.23
	(3, 2, 2)		96				21.15
	(4, 2, 1)		28				 6.17
	(4, 2, 2)		100				22.03
	(4, 3, 3)		18				 3.96
	(4, 4, 4)		2				 0.44
	(5, 4, 3)		34				 7.49
	(5, 5, 5)		24				 5.29
*****************************************************

	****************************
	CN-Anal Finished At:	Mon Dec  5 18:07:48 2016
	****************************

	
############################

	****************************
	CN-Anal Started At:	Mon Dec  5 18:08:44 2016
	****************************

*************** SYSTEM PARAMETERS ***************
CutOff Distance for Neighbor Pairs	:	3.550000
Input Atom config file			:	Au55_chiral_min.r
Box Vector (A)				:	(16.000000, 0.000000, 0.000000)
Box Vector (B)				:	(0.000000, 16.000000, 0.000000)
Box Vector (C)				:	(0.000000, 0.000000, 16.000000)
Slots					:	(4, 4, 4)
Min/Max Pair Separation			:	(2.656034, 3.480050)
Min/Max Number of Nbors			:	(4, 14)
*****************************************************

************ # BCC, FCC, HCP, ICO Atoms *************
# Atoms In the System			:	55
*****************************************************
***************** COORDINATION DATA *****************
CoordNum 'i'	# of Atoms with CN 'i'	% Atoms With CN 'i'
------------	----------------------	-------------------
	4		1		1.8182
	6		13		23.6364
	7		11		20.0000
	8		17		30.9091
	9		1		1.8182
	10		2		3.6364
	12		5		9.0909
	13		4		7.2727
	14		1		1.8182
*****************************************************

************** PAIRS WITH DIFFERENT INDICES **************
Pair Index (J, K, L)	# of (J,K,L) Pairs	% of Total Pairs
--------------------	------------------	-----------------
	(2, 0, 0)		28				 6.22
	(2, 1, 1)		18				 4.00
	(3, 0, 0)		6				 1.33
	(3, 1, 1)		118				26.22
	(3, 2, 2)		84				18.67
	(4, 2, 1)		32				 7.11
	(4, 2, 2)		102				22.67
	(4, 3, 3)		14				 3.11
	(5, 4, 3)		26				 5.78
	(5, 5, 5)		22				 4.89
*****************************************************

	****************************
	CN-Anal Finished At:	Mon Dec  5 18:08:44 2016
	****************************

	
############################

